[debug] [2020-08-20T00:18:02.743Z] ----------------------------------------------------------------------
[debug] [2020-08-20T00:18:02.745Z] Command:       /usr/local/Cellar/node@10/10.22.0/bin/node /usr/local/bin/firebase deploy
[debug] [2020-08-20T00:18:02.746Z] CLI Version:   8.7.0
[debug] [2020-08-20T00:18:02.746Z] Platform:      darwin
[debug] [2020-08-20T00:18:02.746Z] Node Version:  v10.22.0
[debug] [2020-08-20T00:18:02.747Z] Time:          Thu Aug 20 2020 05:48:02 GMT+0530 (India Standard Time)
[debug] [2020-08-20T00:18:02.747Z] ----------------------------------------------------------------------
[debug] [2020-08-20T00:18:02.747Z] 
[debug] [2020-08-20T00:18:02.761Z] > command requires scopes: ["email","openid","https://www.googleapis.com/auth/cloudplatformprojects.readonly","https://www.googleapis.com/auth/firebase","https://www.googleapis.com/auth/cloud-platform"]
[debug] [2020-08-20T00:18:02.762Z] > authorizing via signed-in user
[debug] [2020-08-20T00:18:02.762Z] [iam] checking project kandamkori for permissions ["firebase.projects.get","firebasehosting.sites.update"]
[debug] [2020-08-20T00:18:02.765Z] > refreshing access token with scopes: ["email","https://www.googleapis.com/auth/cloud-platform","https://www.googleapis.com/auth/cloudplatformprojects.readonly","https://www.googleapis.com/auth/firebase","openid"]
[debug] [2020-08-20T00:18:02.766Z] >>> HTTP REQUEST POST https://www.googleapis.com/oauth2/v3/token  
 <request body omitted>
[debug] [2020-08-20T00:18:02.989Z] <<< HTTP RESPONSE 200 {"content-type":"application/json; charset=utf-8","vary":"X-Origin, Referer, Origin,Accept-Encoding","date":"Thu, 20 Aug 2020 00:18:09 GMT","server":"scaffolding on HTTPServer2","cache-control":"private","x-xss-protection":"0","x-frame-options":"SAMEORIGIN","x-content-type-options":"nosniff","alt-svc":"h3-29=\":443\"; ma=2592000,h3-27=\":443\"; ma=2592000,h3-T050=\":443\"; ma=2592000,h3-Q050=\":443\"; ma=2592000,h3-Q046=\":443\"; ma=2592000,h3-Q043=\":443\"; ma=2592000,quic=\":443\"; ma=2592000; v=\"46,43\"","accept-ranges":"none","transfer-encoding":"chunked"}
[debug] [2020-08-20T00:18:03.017Z] >>> HTTP REQUEST POST https://cloudresourcemanager.googleapis.com/v1/projects/kandamkori:testIamPermissions  
 {"permissions":["firebase.projects.get","firebasehosting.sites.update"]}
[debug] [2020-08-20T00:18:04.446Z] <<< HTTP RESPONSE 200 {"content-type":"application/json; charset=UTF-8","vary":"X-Origin, Referer, Origin,Accept-Encoding","date":"Thu, 20 Aug 2020 00:18:11 GMT","server":"ESF","cache-control":"private","x-xss-protection":"0","x-frame-options":"SAMEORIGIN","x-content-type-options":"nosniff","server-timing":"gfet4t7; dur=1171","alt-svc":"h3-29=\":443\"; ma=2592000,h3-27=\":443\"; ma=2592000,h3-T050=\":443\"; ma=2592000,h3-Q050=\":443\"; ma=2592000,h3-Q046=\":443\"; ma=2592000,h3-Q043=\":443\"; ma=2592000,quic=\":443\"; ma=2592000; v=\"46,43\"","accept-ranges":"none","transfer-encoding":"chunked"}
[debug] [2020-08-20T00:18:04.448Z] >>> HTTP REQUEST GET https://firebase.googleapis.com/v1beta1/projects/kandamkori  
 
[debug] [2020-08-20T00:18:04.941Z] <<< HTTP RESPONSE 200 {"content-type":"application/json; charset=UTF-8","vary":"X-Origin, Referer, Origin,Accept-Encoding","date":"Thu, 20 Aug 2020 00:18:11 GMT","server":"ESF","cache-control":"private","x-xss-protection":"0","x-frame-options":"SAMEORIGIN","x-content-type-options":"nosniff","alt-svc":"h3-29=\":443\"; ma=2592000,h3-27=\":443\"; ma=2592000,h3-T050=\":443\"; ma=2592000,h3-Q050=\":443\"; ma=2592000,h3-Q046=\":443\"; ma=2592000,h3-Q043=\":443\"; ma=2592000,quic=\":443\"; ma=2592000; v=\"46,43\"","accept-ranges":"none","transfer-encoding":"chunked"}
[info] 
[info] === Deploying to 'kandamkori'...
[info] 
[info] i  deploying hosting 
[debug] [2020-08-20T00:18:04.945Z] >>> HTTP REQUEST POST https://firebasehosting.googleapis.com/v1beta1/sites/kandamkori/versions  
 {"config":{"rewrites":[{"glob":"**","path":"/index.html"}]},"labels":{"deployment-tool":"cli-firebase"}}
